[debug] [2025-12-13T09:35:16.021Z] ----------------------------------------------------------------------
[debug] [2025-12-13T09:35:16.025Z] Command:       C:\Users\anike\FYP\node.exe C:\Users\anike\AppData\Local\npm-cache\_npx\7750544ccf494d8b\node_modules\firebase-tools\lib\bin\firebase.js deploy --only firestore:rules
[debug] [2025-12-13T09:35:16.026Z] CLI Version:   15.0.0
[debug] [2025-12-13T09:35:16.026Z] Platform:      win32
[debug] [2025-12-13T09:35:16.026Z] Node Version:  v22.18.0
[debug] [2025-12-13T09:35:16.026Z] Time:          Sat Dec 13 2025 15:20:16 GMT+0545 (Nepal Time)
[debug] [2025-12-13T09:35:16.026Z] ----------------------------------------------------------------------
[debug] 
[debug] [2025-12-13T09:35:16.029Z] >>> [apiv2][query] GET https://firebase-public.firebaseio.com/cli.json [none]
[debug] [2025-12-13T09:36:59.298Z] > command requires scopes: ["email","openid","https://www.googleapis.com/auth/cloudplatformprojects.readonly","https://www.googleapis.com/auth/firebase","https://www.googleapis.com/auth/cloud-platform"]
[debug] [2025-12-13T09:36:59.422Z] Error: Could not load the default credentials. Browse to https://cloud.google.com/docs/authentication/getting-started for more information.
    at GoogleAuth.getApplicationDefaultAsync (C:\Users\anike\AppData\Local\npm-cache\_npx\7750544ccf494d8b\node_modules\google-auth-library\build\src\auth\googleauth.js:287:15)
    at process.processTicksAndRejections (node:internal/process/task_queues:105:5)
    at async GoogleAuth._GoogleAuth_determineClient (C:\Users\anike\AppData\Local\npm-cache\_npx\7750544ccf494d8b\node_modules\google-auth-library\build\src\auth\googleauth.js:834:32)
    at async GoogleAuth.getClient (C:\Users\anike\AppData\Local\npm-cache\_npx\7750544ccf494d8b\node_modules\google-auth-library\build\src\auth\googleauth.js:698:20)
    at async GoogleAuth.getAccessToken (C:\Users\anike\AppData\Local\npm-cache\_npx\7750544ccf494d8b\node_modules\google-auth-library\build\src\auth\googleauth.js:722:24)
    at async autoAuth (C:\Users\anike\AppData\Local\npm-cache\_npx\7750544ccf494d8b\node_modules\firebase-tools\lib\requireAuth.js:28:19)
    at async requireAuth (C:\Users\anike\AppData\Local\npm-cache\_npx\7750544ccf494d8b\node_modules\firebase-tools\lib\requireAuth.js:91:20)
    at async requirePermissions (C:\Users\anike\AppData\Local\npm-cache\_npx\7750544ccf494d8b\node_modules\firebase-tools\lib\requirePermissions.js:17:5)
    at async C:\Users\anike\AppData\Local\npm-cache\_npx\7750544ccf494d8b\node_modules\firebase-tools\lib\command.js:263:17
[error] 
[error] Error: Failed to authenticate, have you run firebase login?
